mode: set
github.com/anandkolli/integrate/pkg/rest/rest.go:52.29,62.16 6 1
github.com/anandkolli/integrate/pkg/rest/rest.go:62.16,64.3 1 0
github.com/anandkolli/integrate/pkg/rest/rest.go:68.47,70.66 1 1
github.com/anandkolli/integrate/pkg/rest/rest.go:73.2,73.14 1 1
github.com/anandkolli/integrate/pkg/rest/rest.go:70.66,72.3 1 1
github.com/anandkolli/integrate/pkg/rest/rest.go:77.49,81.42 3 1
github.com/anandkolli/integrate/pkg/rest/rest.go:85.2,87.13 3 1
github.com/anandkolli/integrate/pkg/rest/rest.go:81.42,83.3 1 0
github.com/anandkolli/integrate/pkg/rest/rest.go:91.45,92.95 1 1
github.com/anandkolli/integrate/pkg/rest/rest.go:95.2,95.12 1 1
github.com/anandkolli/integrate/pkg/rest/rest.go:92.95,94.3 1 1
github.com/anandkolli/integrate/pkg/rest/rest.go:99.65,104.72 3 1
github.com/anandkolli/integrate/pkg/rest/rest.go:109.2,109.67 1 1
github.com/anandkolli/integrate/pkg/rest/rest.go:115.2,115.51 1 1
github.com/anandkolli/integrate/pkg/rest/rest.go:121.2,121.22 1 1
github.com/anandkolli/integrate/pkg/rest/rest.go:104.72,107.3 2 1
github.com/anandkolli/integrate/pkg/rest/rest.go:109.67,113.3 3 0
github.com/anandkolli/integrate/pkg/rest/rest.go:115.51,119.3 3 1
github.com/anandkolli/integrate/pkg/rest/rest.go:125.62,127.72 2 1
github.com/anandkolli/integrate/pkg/rest/rest.go:132.2,133.9 2 1
github.com/anandkolli/integrate/pkg/rest/rest.go:138.2,141.35 4 1
github.com/anandkolli/integrate/pkg/rest/rest.go:127.72,130.3 2 0
github.com/anandkolli/integrate/pkg/rest/rest.go:133.9,137.3 3 1
